Determining if the pthread_create exist failed with the following output:
Change Dir: /home/liubaixu/workspace/prj/ros/catkin_ws/build/CMakeFiles/CMakeTmp

Run Build Command:"/usr/bin/make" "cmTC_cc1ef/fast"
/usr/bin/make -f CMakeFiles/cmTC_cc1ef.dir/build.make CMakeFiles/cmTC_cc1ef.dir/build
make[1]: Entering directory '/home/liubaixu/workspace/prj/ros/catkin_ws/build/CMakeFiles/CMakeTmp'
Building C object CMakeFiles/cmTC_cc1ef.dir/CheckSymbolExists.c.o
/usr/bin/cc     -o CMakeFiles/cmTC_cc1ef.dir/CheckSymbolExists.c.o   -c /home/liubaixu/workspace/prj/ros/catkin_ws/build/CMakeFiles/CMakeTmp/CheckSymbolExists.c
Linking C executable cmTC_cc1ef
/usr/bin/cmake -E cmake_link_script CMakeFiles/cmTC_cc1ef.dir/link.txt --verbose=1
/usr/bin/cc       CMakeFiles/cmTC_cc1ef.dir/CheckSymbolExists.c.o  -o cmTC_cc1ef -rdynamic 
CMakeFiles/cmTC_cc1ef.dir/CheckSymbolExists.c.o: In function `main':
CheckSymbolExists.c:(.text+0x16): undefined reference to `pthread_create'
collect2: error: ld returned 1 exit status
CMakeFiles/cmTC_cc1ef.dir/build.make:97: recipe for target 'cmTC_cc1ef' failed
make[1]: *** [cmTC_cc1ef] Error 1
make[1]: Leaving directory '/home/liubaixu/workspace/prj/ros/catkin_ws/build/CMakeFiles/CMakeTmp'
Makefile:126: recipe for target 'cmTC_cc1ef/fast' failed
make: *** [cmTC_cc1ef/fast] Error 2

File /home/liubaixu/workspace/prj/ros/catkin_ws/build/CMakeFiles/CMakeTmp/CheckSymbolExists.c:
/* */
#include <pthread.h>

int main(int argc, char** argv)
{
  (void)argv;
#ifndef pthread_create
  return ((int*)(&pthread_create))[argc];
#else
  (void)argc;
  return 0;
#endif
}

Determining if the function pthread_create exists in the pthreads failed with the following output:
Change Dir: /home/liubaixu/workspace/prj/ros/catkin_ws/build/CMakeFiles/CMakeTmp

Run Build Command:"/usr/bin/make" "cmTC_4962f/fast"
/usr/bin/make -f CMakeFiles/cmTC_4962f.dir/build.make CMakeFiles/cmTC_4962f.dir/build
make[1]: Entering directory '/home/liubaixu/workspace/prj/ros/catkin_ws/build/CMakeFiles/CMakeTmp'
Building C object CMakeFiles/cmTC_4962f.dir/CheckFunctionExists.c.o
/usr/bin/cc    -DCHECK_FUNCTION_EXISTS=pthread_create   -o CMakeFiles/cmTC_4962f.dir/CheckFunctionExists.c.o   -c /usr/share/cmake-3.5/Modules/CheckFunctionExists.c
Linking C executable cmTC_4962f
/usr/bin/cmake -E cmake_link_script CMakeFiles/cmTC_4962f.dir/link.txt --verbose=1
/usr/bin/cc   -DCHECK_FUNCTION_EXISTS=pthread_create    CMakeFiles/cmTC_4962f.dir/CheckFunctionExists.c.o  -o cmTC_4962f -rdynamic -lpthreads 
/usr/bin/ld: cannot find -lpthreads
collect2: error: ld returned 1 exit status
CMakeFiles/cmTC_4962f.dir/build.make:97: recipe for target 'cmTC_4962f' failed
make[1]: *** [cmTC_4962f] Error 1
make[1]: Leaving directory '/home/liubaixu/workspace/prj/ros/catkin_ws/build/CMakeFiles/CMakeTmp'
Makefile:126: recipe for target 'cmTC_4962f/fast' failed
make: *** [cmTC_4962f/fast] Error 2


